

Started GET "/assets/rails.png" for 127.0.0.1 at 2015-09-17 10:48:43 -0500
Connecting to database specified by database.yml
Served asset /rails.png - 200 OK (51ms)


Started GET "/pages/hom" for 127.0.0.1 at 2015-09-17 10:48:50 -0500

ActionController::RoutingError (No route matches [GET] "/pages/hom"):
  actionpack (3.2.18) lib/action_dispatch/middleware/debug_exceptions.rb:21:in `call'
  actionpack (3.2.18) lib/action_dispatch/middleware/show_exceptions.rb:56:in `call'
  railties (3.2.18) lib/rails/rack/logger.rb:32:in `call_app'
  railties (3.2.18) lib/rails/rack/logger.rb:16:in `block in call'
  activesupport (3.2.18) lib/active_support/tagged_logging.rb:22:in `tagged'
  railties (3.2.18) lib/rails/rack/logger.rb:16:in `call'
  actionpack (3.2.18) lib/action_dispatch/middleware/request_id.rb:22:in `call'
  rack (1.4.7) lib/rack/methodoverride.rb:21:in `call'
  rack (1.4.7) lib/rack/runtime.rb:17:in `call'
  activesupport (3.2.18) lib/active_support/cache/strategy/local_cache.rb:72:in `call'
  rack (1.4.7) lib/rack/lock.rb:15:in `call'
  actionpack (3.2.18) lib/action_dispatch/middleware/static.rb:63:in `call'
  railties (3.2.18) lib/rails/engine.rb:484:in `call'
  railties (3.2.18) lib/rails/application.rb:231:in `call'
  rack (1.4.7) lib/rack/content_length.rb:14:in `call'
  railties (3.2.18) lib/rails/rack/log_tailer.rb:17:in `call'
  rack (1.4.7) lib/rack/handler/webrick.rb:59:in `service'
  /home/agilesfocused/.rbenv/versions/2.2.3/lib/ruby/2.2.0/webrick/httpserver.rb:138:in `service'
  /home/agilesfocused/.rbenv/versions/2.2.3/lib/ruby/2.2.0/webrick/httpserver.rb:94:in `run'
  /home/agilesfocused/.rbenv/versions/2.2.3/lib/ruby/2.2.0/webrick/server.rb:294:in `block in start_thread'


  Rendered /home/agilesfocused/.rbenv/versions/2.2.3/lib/ruby/gems/2.2.0/gems/actionpack-3.2.18/lib/action_dispatch/middleware/templates/rescues/routing_error.erb within rescues/layout (2.3ms)


Started GET "/pages/home" for 127.0.0.1 at 2015-09-17 10:48:52 -0500
Processing by PagesController#home as HTML
  Rendered pages/home.html.erb within layouts/application (0.4ms)
Warning. Error encountered while saving cache /home/agilesfocused/develop/rails/SmartToolsApp/tmp/cache/sass/4cf2820b11be4b646554157aa1dc9ca3b6c420f5/application.css.scssc: can't dump anonymous class #<Class:0xba0f2804>

Completed 500 Internal Server Error in 78.6ms

ActionView::Template::Error (File to import not found or unreadable: bootstrap-sprockets.
Load paths:
  Sass::Rails::Importer(/home/agilesfocused/develop/rails/SmartToolsApp/app/assets/stylesheets/application.css.scss)
  /home/agilesfocused/.rbenv/versions/2.2.3/lib/ruby/gems/2.2.0/gems/bootstrap-sass-3.1.1.0/vendor/assets/stylesheets
  (in /home/agilesfocused/develop/rails/SmartToolsApp/app/assets/stylesheets/application.css.scss)):
    2: <html>
    3: <head>
    4:   <title>SmartToolsApp</title>
    5:   <%= stylesheet_link_tag    "application", :media => "all" %>
    6:   <%= javascript_include_tag "application" %>
    7:   <%= csrf_meta_tags %>
    8: </head>
  app/assets/stylesheets/application.css.scss:2
  app/views/layouts/application.html.erb:5:in `_app_views_layouts_application_html_erb___796345614__587709988'


  Rendered /home/agilesfocused/.rbenv/versions/2.2.3/lib/ruby/gems/2.2.0/gems/actionpack-3.2.18/lib/action_dispatch/middleware/templates/rescues/_trace.erb (2.6ms)
  Rendered /home/agilesfocused/.rbenv/versions/2.2.3/lib/ruby/gems/2.2.0/gems/actionpack-3.2.18/lib/action_dispatch/middleware/templates/rescues/_request_and_response.erb (0.9ms)
  Rendered /home/agilesfocused/.rbenv/versions/2.2.3/lib/ruby/gems/2.2.0/gems/actionpack-3.2.18/lib/action_dispatch/middleware/templates/rescues/template_error.erb within rescues/layout (15.6ms)


Started GET "/pages/home" for 127.0.0.1 at 2015-09-17 11:08:11 -0500
Connecting to database specified by database.yml
Processing by PagesController#home as HTML
  Rendered pages/home.html.erb within layouts/application (1.2ms)
Warning. Error encountered while saving cache /home/agilesfocused/develop/rails/SmartToolsApp/tmp/cache/sass/4cf2820b11be4b646554157aa1dc9ca3b6c420f5/application.css.scssc: can't dump anonymous class #<Class:0xba629e30>

Warning. Error encountered while saving cache /home/agilesfocused/develop/rails/SmartToolsApp/tmp/cache/sass/8afacba8844a610ab882a2faefcea058a289be7d/bootstrap.scssc: can't dump anonymous class #<Class:0xba629e30>

Warning. Error encountered while saving cache /home/agilesfocused/develop/rails/SmartToolsApp/tmp/cache/sass/9b06d38b07b1a31c7a9a3cf76ae94d0e614134df/_variables.scssc: can't dump anonymous class #<Class:0xba629e30>

Warning. Error encountered while saving cache /home/agilesfocused/develop/rails/SmartToolsApp/tmp/cache/sass/9b06d38b07b1a31c7a9a3cf76ae94d0e614134df/_mixins.scssc: can't dump anonymous class #<Class:0xba629e30>

Warning. Error encountered while saving cache /home/agilesfocused/develop/rails/SmartToolsApp/tmp/cache/sass/2413e45681a9ce795bd45c624979cdf1f91ad57f/_hide-text.scssc: can't dump anonymous class #<Class:0xba629e30>

Warning. Error encountered while saving cache /home/agilesfocused/develop/rails/SmartToolsApp/tmp/cache/sass/2413e45681a9ce795bd45c624979cdf1f91ad57f/_opacity.scssc: can't dump anonymous class #<Class:0xba629e30>

Warning. Error encountered while saving cache /home/agilesfocused/develop/rails/SmartToolsApp/tmp/cache/sass/2413e45681a9ce795bd45c624979cdf1f91ad57f/_image.scssc: can't dump anonymous class #<Class:0xba629e30>

Warning. Error encountered while saving cache /home/agilesfocused/develop/rails/SmartToolsApp/tmp/cache/sass/2413e45681a9ce795bd45c624979cdf1f91ad57f/_labels.scssc: can't dump anonymous class #<Class:0xba629e30>

Warning. Error encountered while saving cache /home/agilesfocused/develop/rails/SmartToolsApp/tmp/cache/sass/2413e45681a9ce795bd45c624979cdf1f91ad57f/_reset-filter.scssc: can't dump anonymous class #<Class:0xba629e30>

Warning. Error encountered while saving cache /home/agilesfocused/develop/rails/SmartToolsApp/tmp/cache/sass/2413e45681a9ce795bd45c624979cdf1f91ad57f/_resize.scssc: can't dump anonymous class #<Class:0xba629e30>

Warning. Error encountered while saving cache /home/agilesfocused/develop/rails/SmartToolsApp/tmp/cache/sass/2413e45681a9ce795bd45c624979cdf1f91ad57f/_responsive-visibility.scssc: can't dump anonymous class #<Class:0xba629e30>

Warning. Error encountered while saving cache /home/agilesfocused/develop/rails/SmartToolsApp/tmp/cache/sass/2413e45681a9ce795bd45c624979cdf1f91ad57f/_size.scssc: can't dump anonymous class #<Class:0xba629e30>

Warning. Error encountered while saving cache /home/agilesfocused/develop/rails/SmartToolsApp/tmp/cache/sass/2413e45681a9ce795bd45c624979cdf1f91ad57f/_tab-focus.scssc: can't dump anonymous class #<Class:0xba629e30>

Warning. Error encountered while saving cache /home/agilesfocused/develop/rails/SmartToolsApp/tmp/cache/sass/2413e45681a9ce795bd45c624979cdf1f91ad57f/_text-emphasis.scssc: can't dump anonymous class #<Class:0xba629e30>

Warning. Error encountered while saving cache /home/agilesfocused/develop/rails/SmartToolsApp/tmp/cache/sass/2413e45681a9ce795bd45c624979cdf1f91ad57f/_text-overflow.scssc: can't dump anonymous class #<Class:0xba629e30>

Warning. Error encountered while saving cache /home/agilesfocused/develop/rails/SmartToolsApp/tmp/cache/sass/2413e45681a9ce795bd45c624979cdf1f91ad57f/_vendor-prefixes.scssc: can't dump anonymous class #<Class:0xba629e30>

Warning. Error encountered while saving cache /home/agilesfocused/develop/rails/SmartToolsApp/tmp/cache/sass/2413e45681a9ce795bd45c624979cdf1f91ad57f/_alerts.scssc: can't dump anonymous class #<Class:0xba629e30>

Warning. Error encountered while saving cache /home/agilesfocused/develop/rails/SmartToolsApp/tmp/cache/sass/2413e45681a9ce795bd45c624979cdf1f91ad57f/_buttons.scssc: can't dump anonymous class #<Class:0xba629e30>

Warning. Error encountered while saving cache /home/agilesfocused/develop/rails/SmartToolsApp/tmp/cache/sass/2413e45681a9ce795bd45c624979cdf1f91ad57f/_panels.scssc: can't dump anonymous class #<Class:0xba629e30>

Warning. Error encountered while saving cache /home/agilesfocused/develop/rails/SmartToolsApp/tmp/cache/sass/2413e45681a9ce795bd45c624979cdf1f91ad57f/_pagination.scssc: can't dump anonymous class #<Class:0xba629e30>

Warning. Error encountered while saving cache /home/agilesfocused/develop/rails/SmartToolsApp/tmp/cache/sass/2413e45681a9ce795bd45c624979cdf1f91ad57f/_list-group.scssc: can't dump anonymous class #<Class:0xba629e30>

Warning. Error encountered while saving cache /home/agilesfocused/develop/rails/SmartToolsApp/tmp/cache/sass/2413e45681a9ce795bd45c624979cdf1f91ad57f/_nav-divider.scssc: can't dump anonymous class #<Class:0xba629e30>

Warning. Error encountered while saving cache /home/agilesfocused/develop/rails/SmartToolsApp/tmp/cache/sass/2413e45681a9ce795bd45c624979cdf1f91ad57f/_forms.scssc: can't dump anonymous class #<Class:0xba629e30>

Warning. Error encountered while saving cache /home/agilesfocused/develop/rails/SmartToolsApp/tmp/cache/sass/2413e45681a9ce795bd45c624979cdf1f91ad57f/_progress-bar.scssc: can't dump anonymous class #<Class:0xba629e30>

Warning. Error encountered while saving cache /home/agilesfocused/develop/rails/SmartToolsApp/tmp/cache/sass/2413e45681a9ce795bd45c624979cdf1f91ad57f/_table-row.scssc: can't dump anonymous class #<Class:0xba629e30>

Warning. Error encountered while saving cache /home/agilesfocused/develop/rails/SmartToolsApp/tmp/cache/sass/2413e45681a9ce795bd45c624979cdf1f91ad57f/_background-variant.scssc: can't dump anonymous class #<Class:0xba629e30>

Warning. Error encountered while saving cache /home/agilesfocused/develop/rails/SmartToolsApp/tmp/cache/sass/2413e45681a9ce795bd45c624979cdf1f91ad57f/_border-radius.scssc: can't dump anonymous class #<Class:0xba629e30>

Warning. Error encountered while saving cache /home/agilesfocused/develop/rails/SmartToolsApp/tmp/cache/sass/2413e45681a9ce795bd45c624979cdf1f91ad57f/_gradients.scssc: can't dump anonymous class #<Class:0xba629e30>

Warning. Error encountered while saving cache /home/agilesfocused/develop/rails/SmartToolsApp/tmp/cache/sass/2413e45681a9ce795bd45c624979cdf1f91ad57f/_clearfix.scssc: can't dump anonymous class #<Class:0xba629e30>

Warning. Error encountered while saving cache /home/agilesfocused/develop/rails/SmartToolsApp/tmp/cache/sass/2413e45681a9ce795bd45c624979cdf1f91ad57f/_center-block.scssc: can't dump anonymous class #<Class:0xba629e30>

Warning. Error encountered while saving cache /home/agilesfocused/develop/rails/SmartToolsApp/tmp/cache/sass/2413e45681a9ce795bd45c624979cdf1f91ad57f/_nav-vertical-align.scssc: can't dump anonymous class #<Class:0xba629e30>

Warning. Error encountered while saving cache /home/agilesfocused/develop/rails/SmartToolsApp/tmp/cache/sass/2413e45681a9ce795bd45c624979cdf1f91ad57f/_grid-framework.scssc: can't dump anonymous class #<Class:0xba629e30>

Warning. Error encountered while saving cache /home/agilesfocused/develop/rails/SmartToolsApp/tmp/cache/sass/2413e45681a9ce795bd45c624979cdf1f91ad57f/_grid.scssc: can't dump anonymous class #<Class:0xba629e30>

Warning. Error encountered while saving cache /home/agilesfocused/develop/rails/SmartToolsApp/tmp/cache/sass/9b06d38b07b1a31c7a9a3cf76ae94d0e614134df/_normalize.scssc: can't dump anonymous class #<Class:0xba629e30>

Warning. Error encountered while saving cache /home/agilesfocused/develop/rails/SmartToolsApp/tmp/cache/sass/9b06d38b07b1a31c7a9a3cf76ae94d0e614134df/_print.scssc: can't dump anonymous class #<Class:0xba629e30>

Warning. Error encountered while saving cache /home/agilesfocused/develop/rails/SmartToolsApp/tmp/cache/sass/9b06d38b07b1a31c7a9a3cf76ae94d0e614134df/_glyphicons.scssc: can't dump anonymous class #<Class:0xba629e30>

Warning. Error encountered while saving cache /home/agilesfocused/develop/rails/SmartToolsApp/tmp/cache/sass/9b06d38b07b1a31c7a9a3cf76ae94d0e614134df/_scaffolding.scssc: can't dump anonymous class #<Class:0xba629e30>

Warning. Error encountered while saving cache /home/agilesfocused/develop/rails/SmartToolsApp/tmp/cache/sass/9b06d38b07b1a31c7a9a3cf76ae94d0e614134df/_type.scssc: can't dump anonymous class #<Class:0xba629e30>

Warning. Error encountered while saving cache /home/agilesfocused/develop/rails/SmartToolsApp/tmp/cache/sass/9b06d38b07b1a31c7a9a3cf76ae94d0e614134df/_code.scssc: can't dump anonymous class #<Class:0xba629e30>

Warning. Error encountered while saving cache /home/agilesfocused/develop/rails/SmartToolsApp/tmp/cache/sass/9b06d38b07b1a31c7a9a3cf76ae94d0e614134df/_grid.scssc: can't dump anonymous class #<Class:0xba629e30>

Warning. Error encountered while saving cache /home/agilesfocused/develop/rails/SmartToolsApp/tmp/cache/sass/9b06d38b07b1a31c7a9a3cf76ae94d0e614134df/_tables.scssc: can't dump anonymous class #<Class:0xba629e30>

Warning. Error encountered while saving cache /home/agilesfocused/develop/rails/SmartToolsApp/tmp/cache/sass/9b06d38b07b1a31c7a9a3cf76ae94d0e614134df/_forms.scssc: can't dump anonymous class #<Class:0xba629e30>

Warning. Error encountered while saving cache /home/agilesfocused/develop/rails/SmartToolsApp/tmp/cache/sass/9b06d38b07b1a31c7a9a3cf76ae94d0e614134df/_buttons.scssc: can't dump anonymous class #<Class:0xba629e30>

Warning. Error encountered while saving cache /home/agilesfocused/develop/rails/SmartToolsApp/tmp/cache/sass/9b06d38b07b1a31c7a9a3cf76ae94d0e614134df/_component-animations.scssc: can't dump anonymous class #<Class:0xba629e30>

Warning. Error encountered while saving cache /home/agilesfocused/develop/rails/SmartToolsApp/tmp/cache/sass/9b06d38b07b1a31c7a9a3cf76ae94d0e614134df/_dropdowns.scssc: can't dump anonymous class #<Class:0xba629e30>

Warning. Error encountered while saving cache /home/agilesfocused/develop/rails/SmartToolsApp/tmp/cache/sass/9b06d38b07b1a31c7a9a3cf76ae94d0e614134df/_button-groups.scssc: can't dump anonymous class #<Class:0xba629e30>

Warning. Error encountered while saving cache /home/agilesfocused/develop/rails/SmartToolsApp/tmp/cache/sass/9b06d38b07b1a31c7a9a3cf76ae94d0e614134df/_input-groups.scssc: can't dump anonymous class #<Class:0xba629e30>

Warning. Error encountered while saving cache /home/agilesfocused/develop/rails/SmartToolsApp/tmp/cache/sass/9b06d38b07b1a31c7a9a3cf76ae94d0e614134df/_navs.scssc: can't dump anonymous class #<Class:0xba629e30>

Warning. Error encountered while saving cache /home/agilesfocused/develop/rails/SmartToolsApp/tmp/cache/sass/9b06d38b07b1a31c7a9a3cf76ae94d0e614134df/_navbar.scssc: can't dump anonymous class #<Class:0xba629e30>

Warning. Error encountered while saving cache /home/agilesfocused/develop/rails/SmartToolsApp/tmp/cache/sass/9b06d38b07b1a31c7a9a3cf76ae94d0e614134df/_breadcrumbs.scssc: can't dump anonymous class #<Class:0xba629e30>

Warning. Error encountered while saving cache /home/agilesfocused/develop/rails/SmartToolsApp/tmp/cache/sass/9b06d38b07b1a31c7a9a3cf76ae94d0e614134df/_pagination.scssc: can't dump anonymous class #<Class:0xba629e30>

Warning. Error encountered while saving cache /home/agilesfocused/develop/rails/SmartToolsApp/tmp/cache/sass/9b06d38b07b1a31c7a9a3cf76ae94d0e614134df/_pager.scssc: can't dump anonymous class #<Class:0xba629e30>

Warning. Error encountered while saving cache /home/agilesfocused/develop/rails/SmartToolsApp/tmp/cache/sass/9b06d38b07b1a31c7a9a3cf76ae94d0e614134df/_labels.scssc: can't dump anonymous class #<Class:0xba629e30>

Warning. Error encountered while saving cache /home/agilesfocused/develop/rails/SmartToolsApp/tmp/cache/sass/9b06d38b07b1a31c7a9a3cf76ae94d0e614134df/_badges.scssc: can't dump anonymous class #<Class:0xba629e30>

Warning. Error encountered while saving cache /home/agilesfocused/develop/rails/SmartToolsApp/tmp/cache/sass/9b06d38b07b1a31c7a9a3cf76ae94d0e614134df/_jumbotron.scssc: can't dump anonymous class #<Class:0xba629e30>

Warning. Error encountered while saving cache /home/agilesfocused/develop/rails/SmartToolsApp/tmp/cache/sass/9b06d38b07b1a31c7a9a3cf76ae94d0e614134df/_thumbnails.scssc: can't dump anonymous class #<Class:0xba629e30>

Warning. Error encountered while saving cache /home/agilesfocused/develop/rails/SmartToolsApp/tmp/cache/sass/9b06d38b07b1a31c7a9a3cf76ae94d0e614134df/_alerts.scssc: can't dump anonymous class #<Class:0xba629e30>

Warning. Error encountered while saving cache /home/agilesfocused/develop/rails/SmartToolsApp/tmp/cache/sass/9b06d38b07b1a31c7a9a3cf76ae94d0e614134df/_progress-bars.scssc: can't dump anonymous class #<Class:0xba629e30>

Warning. Error encountered while saving cache /home/agilesfocused/develop/rails/SmartToolsApp/tmp/cache/sass/9b06d38b07b1a31c7a9a3cf76ae94d0e614134df/_media.scssc: can't dump anonymous class #<Class:0xba629e30>

Warning. Error encountered while saving cache /home/agilesfocused/develop/rails/SmartToolsApp/tmp/cache/sass/9b06d38b07b1a31c7a9a3cf76ae94d0e614134df/_list-group.scssc: can't dump anonymous class #<Class:0xba629e30>

Warning. Error encountered while saving cache /home/agilesfocused/develop/rails/SmartToolsApp/tmp/cache/sass/9b06d38b07b1a31c7a9a3cf76ae94d0e614134df/_panels.scssc: can't dump anonymous class #<Class:0xba629e30>

Warning. Error encountered while saving cache /home/agilesfocused/develop/rails/SmartToolsApp/tmp/cache/sass/9b06d38b07b1a31c7a9a3cf76ae94d0e614134df/_responsive-embed.scssc: can't dump anonymous class #<Class:0xba629e30>

Warning. Error encountered while saving cache /home/agilesfocused/develop/rails/SmartToolsApp/tmp/cache/sass/9b06d38b07b1a31c7a9a3cf76ae94d0e614134df/_wells.scssc: can't dump anonymous class #<Class:0xba629e30>

Warning. Error encountered while saving cache /home/agilesfocused/develop/rails/SmartToolsApp/tmp/cache/sass/9b06d38b07b1a31c7a9a3cf76ae94d0e614134df/_close.scssc: can't dump anonymous class #<Class:0xba629e30>

Warning. Error encountered while saving cache /home/agilesfocused/develop/rails/SmartToolsApp/tmp/cache/sass/9b06d38b07b1a31c7a9a3cf76ae94d0e614134df/_modals.scssc: can't dump anonymous class #<Class:0xba629e30>

Warning. Error encountered while saving cache /home/agilesfocused/develop/rails/SmartToolsApp/tmp/cache/sass/9b06d38b07b1a31c7a9a3cf76ae94d0e614134df/_tooltip.scssc: can't dump anonymous class #<Class:0xba629e30>

Warning. Error encountered while saving cache /home/agilesfocused/develop/rails/SmartToolsApp/tmp/cache/sass/9b06d38b07b1a31c7a9a3cf76ae94d0e614134df/_popovers.scssc: can't dump anonymous class #<Class:0xba629e30>

Warning. Error encountered while saving cache /home/agilesfocused/develop/rails/SmartToolsApp/tmp/cache/sass/9b06d38b07b1a31c7a9a3cf76ae94d0e614134df/_carousel.scssc: can't dump anonymous class #<Class:0xba629e30>

Warning. Error encountered while saving cache /home/agilesfocused/develop/rails/SmartToolsApp/tmp/cache/sass/9b06d38b07b1a31c7a9a3cf76ae94d0e614134df/_utilities.scssc: can't dump anonymous class #<Class:0xba629e30>

Warning. Error encountered while saving cache /home/agilesfocused/develop/rails/SmartToolsApp/tmp/cache/sass/9b06d38b07b1a31c7a9a3cf76ae94d0e614134df/_responsive-utilities.scssc: can't dump anonymous class #<Class:0xba629e30>

Compiled application.css  (6449ms)  (pid 2874)
Completed 500 Internal Server Error in 6571.7ms

ActionView::Template::Error (couldn't find file 'bootstrap-sprockets'
  (in /home/agilesfocused/develop/rails/SmartToolsApp/app/assets/javascripts/application.js:16)):
    3: <head>
    4:   <title>SmartToolsApp</title>
    5:   <%= stylesheet_link_tag    "application", :media => "all" %>
    6:   <%= javascript_include_tag "application" %>
    7:   <%= csrf_meta_tags %>
    8: </head>
    9: <body>
  app/views/layouts/application.html.erb:6:in `_app_views_layouts_application_html_erb__441269658__584482318'


  Rendered /home/agilesfocused/.rbenv/versions/2.2.3/lib/ruby/gems/2.2.0/gems/actionpack-3.2.18/lib/action_dispatch/middleware/templates/rescues/_trace.erb (2.0ms)
  Rendered /home/agilesfocused/.rbenv/versions/2.2.3/lib/ruby/gems/2.2.0/gems/actionpack-3.2.18/lib/action_dispatch/middleware/templates/rescues/_request_and_response.erb (1.2ms)
  Rendered /home/agilesfocused/.rbenv/versions/2.2.3/lib/ruby/gems/2.2.0/gems/actionpack-3.2.18/lib/action_dispatch/middleware/templates/rescues/template_error.erb within rescues/layout (14.4ms)


Started GET "/pages/home" for 127.0.0.1 at 2015-09-17 11:08:39 -0500
Processing by PagesController#home as HTML
  Rendered pages/home.html.erb within layouts/application (0.0ms)
Compiled jquery.js  (20ms)  (pid 2874)
Compiled jquery_ujs.js  (2ms)  (pid 2874)
Compiled turbolinks.js  (669ms)  (pid 2874)
Compiled bootstrap/affix.js  (0ms)  (pid 2874)
Compiled bootstrap/alert.js  (0ms)  (pid 2874)
Compiled bootstrap/button.js  (0ms)  (pid 2874)
Compiled bootstrap/carousel.js  (0ms)  (pid 2874)
Compiled bootstrap/collapse.js  (4ms)  (pid 2874)
Compiled bootstrap/dropdown.js  (0ms)  (pid 2874)
Compiled bootstrap/tab.js  (0ms)  (pid 2874)
Compiled bootstrap/transition.js  (0ms)  (pid 2874)
Compiled bootstrap/scrollspy.js  (0ms)  (pid 2874)
Compiled bootstrap/modal.js  (0ms)  (pid 2874)
Compiled bootstrap/tooltip.js  (1ms)  (pid 2874)
Compiled bootstrap/popover.js  (1ms)  (pid 2874)
Compiled bootstrap.js  (167ms)  (pid 2874)
Compiled pages.js  (200ms)  (pid 2874)
Compiled application.js  (1195ms)  (pid 2874)
Completed 200 OK in 1257.0ms (Views: 1256.6ms | ActiveRecord: 0.0ms)


Started GET "/assets/application.css?body=1" for 127.0.0.1 at 2015-09-17 11:08:41 -0500
Served asset /application.css - 200 OK (128ms)


Started GET "/assets/bootstrap/affix.js?body=1" for 127.0.0.1 at 2015-09-17 11:08:41 -0500
Served asset /bootstrap/affix.js - 200 OK (2ms)


Started GET "/assets/turbolinks.js?body=1" for 127.0.0.1 at 2015-09-17 11:08:41 -0500
Served asset /turbolinks.js - 200 OK (16ms)


Started GET "/assets/jquery_ujs.js?body=1" for 127.0.0.1 at 2015-09-17 11:08:41 -0500
Served asset /jquery_ujs.js - 200 OK (17ms)


Started GET "/assets/jquery.js?body=1" for 127.0.0.1 at 2015-09-17 11:08:41 -0500
Served asset /jquery.js - 200 OK (51ms)


Started GET "/assets/bootstrap/alert.js?body=1" for 127.0.0.1 at 2015-09-17 11:08:41 -0500
Served asset /bootstrap/alert.js - 200 OK (13ms)


Started GET "/assets/bootstrap/button.js?body=1" for 127.0.0.1 at 2015-09-17 11:08:41 -0500
Served asset /bootstrap/button.js - 200 OK (2ms)


Started GET "/assets/bootstrap/carousel.js?body=1" for 127.0.0.1 at 2015-09-17 11:08:41 -0500
Served asset /bootstrap/carousel.js - 200 OK (5ms)


Started GET "/assets/bootstrap/collapse.js?body=1" for 127.0.0.1 at 2015-09-17 11:08:41 -0500
Served asset /bootstrap/collapse.js - 200 OK (12ms)


Started GET "/assets/bootstrap/dropdown.js?body=1" for 127.0.0.1 at 2015-09-17 11:08:41 -0500
Served asset /bootstrap/dropdown.js - 200 OK (1ms)


Started GET "/assets/bootstrap/tab.js?body=1" for 127.0.0.1 at 2015-09-17 11:08:41 -0500
Served asset /bootstrap/tab.js - 200 OK (18ms)


Started GET "/assets/bootstrap/transition.js?body=1" for 127.0.0.1 at 2015-09-17 11:08:41 -0500
Served asset /bootstrap/transition.js - 200 OK (15ms)


Started GET "/assets/bootstrap/scrollspy.js?body=1" for 127.0.0.1 at 2015-09-17 11:08:41 -0500
Served asset /bootstrap/scrollspy.js - 200 OK (2ms)


Started GET "/assets/bootstrap/modal.js?body=1" for 127.0.0.1 at 2015-09-17 11:08:41 -0500
Served asset /bootstrap/modal.js - 200 OK (10ms)


Started GET "/assets/bootstrap/tooltip.js?body=1" for 127.0.0.1 at 2015-09-17 11:08:41 -0500
Served asset /bootstrap/tooltip.js - 200 OK (15ms)


Started GET "/assets/bootstrap/popover.js?body=1" for 127.0.0.1 at 2015-09-17 11:08:41 -0500
Served asset /bootstrap/popover.js - 200 OK (3ms)


Started GET "/assets/bootstrap.js?body=1" for 127.0.0.1 at 2015-09-17 11:08:41 -0500
Served asset /bootstrap.js - 200 OK (21ms)


Started GET "/assets/pages.js?body=1" for 127.0.0.1 at 2015-09-17 11:08:41 -0500
Served asset /pages.js - 200 OK (3ms)


Started GET "/assets/application.js?body=1" for 127.0.0.1 at 2015-09-17 11:08:41 -0500
Served asset /application.js - 200 OK (92ms)


Started GET "/pages/home" for 127.0.0.1 at 2015-09-17 11:13:13 -0500
Processing by PagesController#home as HTML
  Rendered pages/home.html.erb within layouts/application (0.0ms)
Completed 200 OK in 15.3ms (Views: 15.0ms | ActiveRecord: 0.0ms)


Started GET "/pages/home" for 127.0.0.1 at 2015-09-17 11:13:36 -0500
Processing by PagesController#home as HTML
  Rendered pages/home.html.erb within layouts/application (0.0ms)
Completed 200 OK in 34.4ms (Views: 34.2ms | ActiveRecord: 0.0ms)


Started GET "/assets/application.css?body=1" for 127.0.0.1 at 2015-09-17 11:13:36 -0500
Served asset /application.css - 304 Not Modified (23ms)


Started GET "/assets/jquery.js?body=1" for 127.0.0.1 at 2015-09-17 11:13:36 -0500
Served asset /jquery.js - 304 Not Modified (43ms)


Started GET "/assets/turbolinks.js?body=1" for 127.0.0.1 at 2015-09-17 11:13:36 -0500
Served asset /turbolinks.js - 304 Not Modified (0ms)


Started GET "/assets/jquery_ujs.js?body=1" for 127.0.0.1 at 2015-09-17 11:13:36 -0500
Served asset /jquery_ujs.js - 304 Not Modified (3ms)


Started GET "/assets/bootstrap/alert.js?body=1" for 127.0.0.1 at 2015-09-17 11:13:36 -0500
Served asset /bootstrap/alert.js - 304 Not Modified (5ms)


Started GET "/assets/bootstrap/affix.js?body=1" for 127.0.0.1 at 2015-09-17 11:13:36 -0500
Served asset /bootstrap/affix.js - 304 Not Modified (0ms)


Started GET "/assets/bootstrap/button.js?body=1" for 127.0.0.1 at 2015-09-17 11:13:36 -0500
Served asset /bootstrap/button.js - 304 Not Modified (0ms)


Started GET "/assets/bootstrap/carousel.js?body=1" for 127.0.0.1 at 2015-09-17 11:13:36 -0500
Served asset /bootstrap/carousel.js - 304 Not Modified (0ms)


Started GET "/assets/bootstrap/collapse.js?body=1" for 127.0.0.1 at 2015-09-17 11:13:36 -0500
Served asset /bootstrap/collapse.js - 304 Not Modified (0ms)


Started GET "/assets/bootstrap/tab.js?body=1" for 127.0.0.1 at 2015-09-17 11:13:36 -0500
Served asset /bootstrap/tab.js - 304 Not Modified (0ms)


Started GET "/assets/bootstrap/dropdown.js?body=1" for 127.0.0.1 at 2015-09-17 11:13:36 -0500
Served asset /bootstrap/dropdown.js - 304 Not Modified (4ms)


Started GET "/assets/bootstrap/modal.js?body=1" for 127.0.0.1 at 2015-09-17 11:13:36 -0500
Served asset /bootstrap/modal.js - 304 Not Modified (0ms)


Started GET "/assets/bootstrap/scrollspy.js?body=1" for 127.0.0.1 at 2015-09-17 11:13:36 -0500
Served asset /bootstrap/scrollspy.js - 304 Not Modified (0ms)


Started GET "/assets/bootstrap/transition.js?body=1" for 127.0.0.1 at 2015-09-17 11:13:36 -0500
Served asset /bootstrap/transition.js - 304 Not Modified (0ms)


Started GET "/assets/bootstrap/tooltip.js?body=1" for 127.0.0.1 at 2015-09-17 11:13:36 -0500
Served asset /bootstrap/tooltip.js - 304 Not Modified (0ms)


Started GET "/assets/bootstrap.js?body=1" for 127.0.0.1 at 2015-09-17 11:13:36 -0500
Served asset /bootstrap.js - 304 Not Modified (23ms)


Started GET "/assets/bootstrap/popover.js?body=1" for 127.0.0.1 at 2015-09-17 11:13:37 -0500
Served asset /bootstrap/popover.js - 304 Not Modified (0ms)


Started GET "/assets/application.js?body=1" for 127.0.0.1 at 2015-09-17 11:13:37 -0500
Served asset /application.js - 304 Not Modified (18ms)


Started GET "/assets/pages.js?body=1" for 127.0.0.1 at 2015-09-17 11:13:37 -0500
Served asset /pages.js - 304 Not Modified (0ms)


Started GET "/home" for 127.0.0.1 at 2015-09-17 11:22:20 -0500

ActionController::RoutingError (uninitialized constant PageController):
  activesupport (3.2.18) lib/active_support/inflector/methods.rb:230:in `block in constantize'
  activesupport (3.2.18) lib/active_support/inflector/methods.rb:229:in `each'
  activesupport (3.2.18) lib/active_support/inflector/methods.rb:229:in `constantize'
  actionpack (3.2.18) lib/action_dispatch/routing/route_set.rb:69:in `controller_reference'
  actionpack (3.2.18) lib/action_dispatch/routing/route_set.rb:54:in `controller'
  actionpack (3.2.18) lib/action_dispatch/routing/route_set.rb:32:in `call'
  journey (1.0.4) lib/journey/router.rb:68:in `block in call'
  journey (1.0.4) lib/journey/router.rb:56:in `each'
  journey (1.0.4) lib/journey/router.rb:56:in `call'
  actionpack (3.2.18) lib/action_dispatch/routing/route_set.rb:608:in `call'
  actionpack (3.2.18) lib/action_dispatch/middleware/best_standards_support.rb:17:in `call'
  rack (1.4.7) lib/rack/etag.rb:23:in `call'
  rack (1.4.7) lib/rack/conditionalget.rb:25:in `call'
  actionpack (3.2.18) lib/action_dispatch/middleware/head.rb:14:in `call'
  actionpack (3.2.18) lib/action_dispatch/middleware/params_parser.rb:21:in `call'
  actionpack (3.2.18) lib/action_dispatch/middleware/flash.rb:242:in `call'
  rack (1.4.7) lib/rack/session/abstract/id.rb:210:in `context'
  rack (1.4.7) lib/rack/session/abstract/id.rb:205:in `call'
  actionpack (3.2.18) lib/action_dispatch/middleware/cookies.rb:341:in `call'
  activerecord (3.2.18) lib/active_record/query_cache.rb:64:in `call'
  activerecord (3.2.18) lib/active_record/connection_adapters/abstract/connection_pool.rb:479:in `call'
  actionpack (3.2.18) lib/action_dispatch/middleware/callbacks.rb:28:in `block in call'
  activesupport (3.2.18) lib/active_support/callbacks.rb:405:in `_run__817358605__call__568428346__callbacks'
  activesupport (3.2.18) lib/active_support/callbacks.rb:405:in `__run_callback'
  activesupport (3.2.18) lib/active_support/callbacks.rb:385:in `_run_call_callbacks'
  activesupport (3.2.18) lib/active_support/callbacks.rb:81:in `run_callbacks'
  actionpack (3.2.18) lib/action_dispatch/middleware/callbacks.rb:27:in `call'
  actionpack (3.2.18) lib/action_dispatch/middleware/reloader.rb:65:in `call'
  actionpack (3.2.18) lib/action_dispatch/middleware/remote_ip.rb:31:in `call'
  actionpack (3.2.18) lib/action_dispatch/middleware/debug_exceptions.rb:16:in `call'
  actionpack (3.2.18) lib/action_dispatch/middleware/show_exceptions.rb:56:in `call'
  railties (3.2.18) lib/rails/rack/logger.rb:32:in `call_app'
  railties (3.2.18) lib/rails/rack/logger.rb:16:in `block in call'
  activesupport (3.2.18) lib/active_support/tagged_logging.rb:22:in `tagged'
  railties (3.2.18) lib/rails/rack/logger.rb:16:in `call'
  actionpack (3.2.18) lib/action_dispatch/middleware/request_id.rb:22:in `call'
  rack (1.4.7) lib/rack/methodoverride.rb:21:in `call'
  rack (1.4.7) lib/rack/runtime.rb:17:in `call'
  activesupport (3.2.18) lib/active_support/cache/strategy/local_cache.rb:72:in `call'
  rack (1.4.7) lib/rack/lock.rb:15:in `call'
  actionpack (3.2.18) lib/action_dispatch/middleware/static.rb:63:in `call'
  railties (3.2.18) lib/rails/engine.rb:484:in `call'
  railties (3.2.18) lib/rails/application.rb:231:in `call'
  rack (1.4.7) lib/rack/content_length.rb:14:in `call'
  railties (3.2.18) lib/rails/rack/log_tailer.rb:17:in `call'
  rack (1.4.7) lib/rack/handler/webrick.rb:59:in `service'
  /home/agilesfocused/.rbenv/versions/2.2.3/lib/ruby/2.2.0/webrick/httpserver.rb:138:in `service'
  /home/agilesfocused/.rbenv/versions/2.2.3/lib/ruby/2.2.0/webrick/httpserver.rb:94:in `run'
  /home/agilesfocused/.rbenv/versions/2.2.3/lib/ruby/2.2.0/webrick/server.rb:294:in `block in start_thread'


  Rendered /home/agilesfocused/.rbenv/versions/2.2.3/lib/ruby/gems/2.2.0/gems/actionpack-3.2.18/lib/action_dispatch/middleware/templates/rescues/routing_error.erb within rescues/layout (0.5ms)


Started GET "/home" for 127.0.0.1 at 2015-09-17 11:25:19 -0500
Processing by PagesController#home as HTML
  Rendered pages/home.html.erb within layouts/application (0.0ms)
Completed 200 OK in 18.6ms (Views: 18.1ms | ActiveRecord: 0.0ms)


Started GET "/assets/application.css?body=1" for 127.0.0.1 at 2015-09-17 11:25:19 -0500
Served asset /application.css - 304 Not Modified (77ms)


Started GET "/assets/bootstrap/affix.js?body=1" for 127.0.0.1 at 2015-09-17 11:25:20 -0500
Served asset /bootstrap/affix.js - 304 Not Modified (0ms)


Started GET "/assets/turbolinks.js?body=1" for 127.0.0.1 at 2015-09-17 11:25:20 -0500
Served asset /turbolinks.js - 304 Not Modified (0ms)


Started GET "/assets/jquery_ujs.js?body=1" for 127.0.0.1 at 2015-09-17 11:25:20 -0500
Served asset /jquery_ujs.js - 304 Not Modified (0ms)


Started GET "/assets/jquery.js?body=1" for 127.0.0.1 at 2015-09-17 11:25:20 -0500
Served asset /jquery.js - 304 Not Modified (9ms)


Started GET "/assets/bootstrap/alert.js?body=1" for 127.0.0.1 at 2015-09-17 11:25:20 -0500
Served asset /bootstrap/alert.js - 304 Not Modified (1ms)


Started GET "/assets/bootstrap/button.js?body=1" for 127.0.0.1 at 2015-09-17 11:25:20 -0500
Served asset /bootstrap/button.js - 304 Not Modified (0ms)


Started GET "/assets/bootstrap/carousel.js?body=1" for 127.0.0.1 at 2015-09-17 11:25:20 -0500
Served asset /bootstrap/carousel.js - 304 Not Modified (0ms)


Started GET "/assets/bootstrap/dropdown.js?body=1" for 127.0.0.1 at 2015-09-17 11:25:20 -0500
Served asset /bootstrap/dropdown.js - 304 Not Modified (0ms)


Started GET "/assets/bootstrap/collapse.js?body=1" for 127.0.0.1 at 2015-09-17 11:25:20 -0500
Served asset /bootstrap/collapse.js - 304 Not Modified (0ms)


Started GET "/assets/bootstrap/tab.js?body=1" for 127.0.0.1 at 2015-09-17 11:25:20 -0500
Served asset /bootstrap/tab.js - 304 Not Modified (5ms)


Started GET "/assets/bootstrap/transition.js?body=1" for 127.0.0.1 at 2015-09-17 11:25:20 -0500
Served asset /bootstrap/transition.js - 304 Not Modified (0ms)


Started GET "/assets/bootstrap/scrollspy.js?body=1" for 127.0.0.1 at 2015-09-17 11:25:20 -0500
Served asset /bootstrap/scrollspy.js - 304 Not Modified (0ms)


Started GET "/assets/bootstrap/tooltip.js?body=1" for 127.0.0.1 at 2015-09-17 11:25:20 -0500
Served asset /bootstrap/tooltip.js - 304 Not Modified (1ms)


Started GET "/assets/bootstrap/modal.js?body=1" for 127.0.0.1 at 2015-09-17 11:25:20 -0500
Served asset /bootstrap/modal.js - 304 Not Modified (0ms)


Started GET "/assets/bootstrap.js?body=1" for 127.0.0.1 at 2015-09-17 11:25:20 -0500
Served asset /bootstrap.js - 304 Not Modified (10ms)


Started GET "/assets/bootstrap/popover.js?body=1" for 127.0.0.1 at 2015-09-17 11:25:20 -0500
Served asset /bootstrap/popover.js - 304 Not Modified (0ms)


Started GET "/assets/pages.js?body=1" for 127.0.0.1 at 2015-09-17 11:25:20 -0500
Served asset /pages.js - 304 Not Modified (0ms)


Started GET "/assets/application.js?body=1" for 127.0.0.1 at 2015-09-17 11:25:20 -0500
Served asset /application.js - 304 Not Modified (12ms)


Started GET "/home" for 127.0.0.1 at 2015-09-17 11:29:13 -0500
Processing by PagesController#home as HTML
  Rendered pages/home.html.erb within layouts/application (0.1ms)
Completed 200 OK in 17.9ms (Views: 17.7ms | ActiveRecord: 0.0ms)


Started GET "/assets/application.css?body=1" for 127.0.0.1 at 2015-09-17 11:29:13 -0500
Served asset /application.css - 304 Not Modified (72ms)


Started GET "/assets/turbolinks.js?body=1" for 127.0.0.1 at 2015-09-17 11:29:13 -0500
Served asset /turbolinks.js - 304 Not Modified (0ms)


Started GET "/assets/jquery_ujs.js?body=1" for 127.0.0.1 at 2015-09-17 11:29:13 -0500
Served asset /jquery_ujs.js - 304 Not Modified (0ms)


Started GET "/assets/jquery.js?body=1" for 127.0.0.1 at 2015-09-17 11:29:13 -0500
Served asset /jquery.js - 304 Not Modified (9ms)


Started GET "/assets/bootstrap/affix.js?body=1" for 127.0.0.1 at 2015-09-17 11:29:13 -0500
Served asset /bootstrap/affix.js - 304 Not Modified (0ms)


Started GET "/assets/bootstrap/alert.js?body=1" for 127.0.0.1 at 2015-09-17 11:29:13 -0500
Served asset /bootstrap/alert.js - 304 Not Modified (0ms)


Started GET "/assets/bootstrap/button.js?body=1" for 127.0.0.1 at 2015-09-17 11:29:13 -0500
Served asset /bootstrap/button.js - 304 Not Modified (3ms)


Started GET "/assets/bootstrap/collapse.js?body=1" for 127.0.0.1 at 2015-09-17 11:29:13 -0500
Served asset /bootstrap/collapse.js - 304 Not Modified (0ms)


Started GET "/assets/bootstrap/carousel.js?body=1" for 127.0.0.1 at 2015-09-17 11:29:13 -0500
Served asset /bootstrap/carousel.js - 304 Not Modified (0ms)


Started GET "/assets/bootstrap/scrollspy.js?body=1" for 127.0.0.1 at 2015-09-17 11:29:13 -0500
Served asset /bootstrap/scrollspy.js - 304 Not Modified (24ms)


Started GET "/assets/bootstrap/dropdown.js?body=1" for 127.0.0.1 at 2015-09-17 11:29:13 -0500
Served asset /bootstrap/dropdown.js - 304 Not Modified (0ms)


Started GET "/assets/bootstrap/tab.js?body=1" for 127.0.0.1 at 2015-09-17 11:29:13 -0500
Served asset /bootstrap/tab.js - 304 Not Modified (0ms)


Started GET "/assets/bootstrap/transition.js?body=1" for 127.0.0.1 at 2015-09-17 11:29:13 -0500
Served asset /bootstrap/transition.js - 304 Not Modified (0ms)


Started GET "/assets/bootstrap/modal.js?body=1" for 127.0.0.1 at 2015-09-17 11:29:13 -0500
Served asset /bootstrap/modal.js - 304 Not Modified (0ms)


Started GET "/assets/bootstrap/tooltip.js?body=1" for 127.0.0.1 at 2015-09-17 11:29:13 -0500
Served asset /bootstrap/tooltip.js - 304 Not Modified (0ms)


Started GET "/assets/bootstrap/popover.js?body=1" for 127.0.0.1 at 2015-09-17 11:29:13 -0500
Served asset /bootstrap/popover.js - 304 Not Modified (0ms)


Started GET "/assets/bootstrap.js?body=1" for 127.0.0.1 at 2015-09-17 11:29:13 -0500
Served asset /bootstrap.js - 304 Not Modified (7ms)


Started GET "/assets/pages.js?body=1" for 127.0.0.1 at 2015-09-17 11:29:13 -0500
Served asset /pages.js - 304 Not Modified (0ms)


Started GET "/assets/application.js?body=1" for 127.0.0.1 at 2015-09-17 11:29:13 -0500
Served asset /application.js - 304 Not Modified (14ms)


Started GET "/home" for 127.0.0.1 at 2015-09-17 14:40:54 -0500
Processing by PagesController#home as HTML
  Parameters: {"layout"=>false}
  Rendered pages/home.html.erb within layouts/application (0.1ms)
Completed 200 OK in 20.9ms (Views: 20.3ms | ActiveRecord: 0.0ms)


Started GET "/assets/application.css?body=1" for 127.0.0.1 at 2015-09-17 14:40:54 -0500
Served asset /application.css - 304 Not Modified (64ms)


Started GET "/assets/jquery_ujs.js?body=1" for 127.0.0.1 at 2015-09-17 14:40:54 -0500
Served asset /jquery_ujs.js - 304 Not Modified (0ms)


Started GET "/assets/jquery.js?body=1" for 127.0.0.1 at 2015-09-17 14:40:54 -0500
Served asset /jquery.js - 304 Not Modified (16ms)


Started GET "/assets/bootstrap/affix.js?body=1" for 127.0.0.1 at 2015-09-17 14:40:54 -0500
Served asset /bootstrap/affix.js - 304 Not Modified (0ms)


Started GET "/assets/bootstrap/alert.js?body=1" for 127.0.0.1 at 2015-09-17 14:40:54 -0500
Served asset /bootstrap/alert.js - 304 Not Modified (0ms)


Started GET "/assets/turbolinks.js?body=1" for 127.0.0.1 at 2015-09-17 14:40:54 -0500
Served asset /turbolinks.js - 304 Not Modified (0ms)


Started GET "/assets/bootstrap/button.js?body=1" for 127.0.0.1 at 2015-09-17 14:40:54 -0500
Served asset /bootstrap/button.js - 304 Not Modified (0ms)


Started GET "/assets/bootstrap/carousel.js?body=1" for 127.0.0.1 at 2015-09-17 14:40:54 -0500
Served asset /bootstrap/carousel.js - 304 Not Modified (0ms)


Started GET "/assets/bootstrap/dropdown.js?body=1" for 127.0.0.1 at 2015-09-17 14:40:54 -0500
Served asset /bootstrap/dropdown.js - 304 Not Modified (0ms)


Started GET "/assets/bootstrap/collapse.js?body=1" for 127.0.0.1 at 2015-09-17 14:40:54 -0500
Served asset /bootstrap/collapse.js - 304 Not Modified (0ms)


Started GET "/assets/bootstrap/tab.js?body=1" for 127.0.0.1 at 2015-09-17 14:40:54 -0500
Served asset /bootstrap/tab.js - 304 Not Modified (0ms)


Started GET "/assets/bootstrap/scrollspy.js?body=1" for 127.0.0.1 at 2015-09-17 14:40:54 -0500
Served asset /bootstrap/scrollspy.js - 304 Not Modified (0ms)


Started GET "/assets/bootstrap/transition.js?body=1" for 127.0.0.1 at 2015-09-17 14:40:54 -0500
Served asset /bootstrap/transition.js - 304 Not Modified (0ms)


Started GET "/assets/bootstrap/modal.js?body=1" for 127.0.0.1 at 2015-09-17 14:40:55 -0500
Served asset /bootstrap/modal.js - 304 Not Modified (0ms)


Started GET "/assets/bootstrap.js?body=1" for 127.0.0.1 at 2015-09-17 14:40:55 -0500
Served asset /bootstrap.js - 304 Not Modified (2ms)


Started GET "/assets/bootstrap/tooltip.js?body=1" for 127.0.0.1 at 2015-09-17 14:40:55 -0500
Served asset /bootstrap/tooltip.js - 304 Not Modified (3ms)


Started GET "/assets/application.js?body=1" for 127.0.0.1 at 2015-09-17 14:40:55 -0500
Served asset /application.js - 304 Not Modified (13ms)


Started GET "/assets/pages.js?body=1" for 127.0.0.1 at 2015-09-17 14:40:55 -0500
Served asset /pages.js - 304 Not Modified (0ms)


Started GET "/assets/bootstrap/popover.js?body=1" for 127.0.0.1 at 2015-09-17 14:40:55 -0500
Served asset /bootstrap/popover.js - 304 Not Modified (0ms)


Started GET "/home" for 127.0.0.1 at 2015-09-17 14:40:56 -0500
Processing by PagesController#home as HTML
  Parameters: {"layout"=>false}
  Rendered pages/home.html.erb within layouts/application (0.0ms)
Completed 200 OK in 44.2ms (Views: 44.0ms | ActiveRecord: 0.0ms)


Started GET "/assets/application.css?body=1" for 127.0.0.1 at 2015-09-17 14:40:57 -0500
Served asset /application.css - 304 Not Modified (20ms)


Started GET "/assets/jquery.js?body=1" for 127.0.0.1 at 2015-09-17 14:40:57 -0500
Served asset /jquery.js - 304 Not Modified (11ms)


Started GET "/assets/jquery_ujs.js?body=1" for 127.0.0.1 at 2015-09-17 14:40:57 -0500
Served asset /jquery_ujs.js - 304 Not Modified (0ms)


Started GET "/assets/turbolinks.js?body=1" for 127.0.0.1 at 2015-09-17 14:40:57 -0500
Served asset /turbolinks.js - 304 Not Modified (5ms)


Started GET "/assets/bootstrap/affix.js?body=1" for 127.0.0.1 at 2015-09-17 14:40:57 -0500
Served asset /bootstrap/affix.js - 304 Not Modified (7ms)


Started GET "/assets/bootstrap/alert.js?body=1" for 127.0.0.1 at 2015-09-17 14:40:57 -0500
Served asset /bootstrap/alert.js - 304 Not Modified (0ms)


Started GET "/assets/bootstrap/button.js?body=1" for 127.0.0.1 at 2015-09-17 14:40:57 -0500
Served asset /bootstrap/button.js - 304 Not Modified (0ms)


Started GET "/assets/bootstrap/carousel.js?body=1" for 127.0.0.1 at 2015-09-17 14:40:57 -0500
Served asset /bootstrap/carousel.js - 304 Not Modified (0ms)


Started GET "/assets/bootstrap/collapse.js?body=1" for 127.0.0.1 at 2015-09-17 14:40:57 -0500
Served asset /bootstrap/collapse.js - 304 Not Modified (0ms)


Started GET "/assets/bootstrap/dropdown.js?body=1" for 127.0.0.1 at 2015-09-17 14:40:57 -0500
Served asset /bootstrap/dropdown.js - 304 Not Modified (0ms)


Started GET "/assets/bootstrap/tab.js?body=1" for 127.0.0.1 at 2015-09-17 14:40:57 -0500
Served asset /bootstrap/tab.js - 304 Not Modified (0ms)


Started GET "/assets/bootstrap/scrollspy.js?body=1" for 127.0.0.1 at 2015-09-17 14:40:57 -0500
Served asset /bootstrap/scrollspy.js - 304 Not Modified (0ms)


Started GET "/assets/bootstrap/transition.js?body=1" for 127.0.0.1 at 2015-09-17 14:40:57 -0500
Served asset /bootstrap/transition.js - 304 Not Modified (0ms)


Started GET "/assets/bootstrap/modal.js?body=1" for 127.0.0.1 at 2015-09-17 14:40:57 -0500
Served asset /bootstrap/modal.js - 304 Not Modified (0ms)


Started GET "/assets/bootstrap/tooltip.js?body=1" for 127.0.0.1 at 2015-09-17 14:40:57 -0500
Served asset /bootstrap/tooltip.js - 304 Not Modified (0ms)


Started GET "/assets/bootstrap/popover.js?body=1" for 127.0.0.1 at 2015-09-17 14:40:57 -0500
Served asset /bootstrap/popover.js - 304 Not Modified (6ms)


Started GET "/assets/bootstrap.js?body=1" for 127.0.0.1 at 2015-09-17 14:40:57 -0500
Served asset /bootstrap.js - 304 Not Modified (2ms)


Started GET "/assets/pages.js?body=1" for 127.0.0.1 at 2015-09-17 14:40:57 -0500
Served asset /pages.js - 304 Not Modified (0ms)


Started GET "/assets/application.js?body=1" for 127.0.0.1 at 2015-09-17 14:40:57 -0500
Served asset /application.js - 304 Not Modified (15ms)


Started GET "/home" for 127.0.0.1 at 2015-09-17 14:41:13 -0500
Processing by PagesController#home as HTML
  Parameters: {"layout"=>false}
  Rendered pages/home.html.erb within layouts/application (0.0ms)
Completed 200 OK in 33.8ms (Views: 33.5ms | ActiveRecord: 0.0ms)


Started GET "/assets/application.css?body=1" for 127.0.0.1 at 2015-09-17 14:41:13 -0500
Served asset /application.css - 304 Not Modified (19ms)


Started GET "/assets/jquery.js?body=1" for 127.0.0.1 at 2015-09-17 14:41:14 -0500
Served asset /jquery.js - 304 Not Modified (15ms)


Started GET "/assets/jquery_ujs.js?body=1" for 127.0.0.1 at 2015-09-17 14:41:14 -0500
Served asset /jquery_ujs.js - 304 Not Modified (0ms)


Started GET "/assets/turbolinks.js?body=1" for 127.0.0.1 at 2015-09-17 14:41:14 -0500
Served asset /turbolinks.js - 304 Not Modified (0ms)


Started GET "/assets/bootstrap/affix.js?body=1" for 127.0.0.1 at 2015-09-17 14:41:14 -0500
Served asset /bootstrap/affix.js - 304 Not Modified (0ms)


Started GET "/assets/bootstrap/alert.js?body=1" for 127.0.0.1 at 2015-09-17 14:41:14 -0500
Served asset /bootstrap/alert.js - 304 Not Modified (0ms)


Started GET "/assets/bootstrap/button.js?body=1" for 127.0.0.1 at 2015-09-17 14:41:14 -0500
Served asset /bootstrap/button.js - 304 Not Modified (0ms)


Started GET "/assets/bootstrap/carousel.js?body=1" for 127.0.0.1 at 2015-09-17 14:41:14 -0500
Served asset /bootstrap/carousel.js - 304 Not Modified (0ms)


Started GET "/assets/bootstrap/collapse.js?body=1" for 127.0.0.1 at 2015-09-17 14:41:14 -0500
Served asset /bootstrap/collapse.js - 304 Not Modified (0ms)


Started GET "/assets/bootstrap/tab.js?body=1" for 127.0.0.1 at 2015-09-17 14:41:14 -0500
Served asset /bootstrap/tab.js - 304 Not Modified (0ms)


Started GET "/assets/bootstrap/dropdown.js?body=1" for 127.0.0.1 at 2015-09-17 14:41:14 -0500
Served asset /bootstrap/dropdown.js - 304 Not Modified (0ms)


Started GET "/assets/bootstrap/transition.js?body=1" for 127.0.0.1 at 2015-09-17 14:41:14 -0500
Served asset /bootstrap/transition.js - 304 Not Modified (0ms)


Started GET "/assets/bootstrap/scrollspy.js?body=1" for 127.0.0.1 at 2015-09-17 14:41:14 -0500
Served asset /bootstrap/scrollspy.js - 304 Not Modified (0ms)


Started GET "/assets/bootstrap/tooltip.js?body=1" for 127.0.0.1 at 2015-09-17 14:41:14 -0500
Served asset /bootstrap/tooltip.js - 304 Not Modified (0ms)


Started GET "/assets/bootstrap/modal.js?body=1" for 127.0.0.1 at 2015-09-17 14:41:14 -0500
Served asset /bootstrap/modal.js - 304 Not Modified (0ms)


Started GET "/assets/bootstrap.js?body=1" for 127.0.0.1 at 2015-09-17 14:41:14 -0500
Served asset /bootstrap.js - 304 Not Modified (13ms)


Started GET "/assets/pages.js?body=1" for 127.0.0.1 at 2015-09-17 14:41:14 -0500
Served asset /pages.js - 304 Not Modified (0ms)


Started GET "/assets/bootstrap/popover.js?body=1" for 127.0.0.1 at 2015-09-17 14:41:14 -0500
Served asset /bootstrap/popover.js - 304 Not Modified (0ms)


Started GET "/assets/application.js?body=1" for 127.0.0.1 at 2015-09-17 14:41:14 -0500
Served asset /application.js - 304 Not Modified (10ms)


Started GET "/home" for 127.0.0.1 at 2015-09-17 14:41:16 -0500
Processing by PagesController#home as HTML
  Parameters: {"layout"=>false}
  Rendered pages/home.html.erb within layouts/application (0.0ms)
Completed 200 OK in 30.6ms (Views: 23.7ms | ActiveRecord: 0.0ms)


Started GET "/assets/application.css?body=1" for 127.0.0.1 at 2015-09-17 14:41:16 -0500
Served asset /application.css - 200 OK (57ms)


Started GET "/assets/bootstrap/affix.js?body=1" for 127.0.0.1 at 2015-09-17 14:41:16 -0500
Served asset /bootstrap/affix.js - 200 OK (0ms)


Started GET "/assets/bootstrap/alert.js?body=1" for 127.0.0.1 at 2015-09-17 14:41:16 -0500
Served asset /bootstrap/alert.js - 200 OK (0ms)


Started GET "/assets/turbolinks.js?body=1" for 127.0.0.1 at 2015-09-17 14:41:16 -0500
Served asset /turbolinks.js - 200 OK (0ms)


Started GET "/assets/jquery_ujs.js?body=1" for 127.0.0.1 at 2015-09-17 14:41:16 -0500
Served asset /jquery_ujs.js - 200 OK (0ms)


Started GET "/assets/jquery.js?body=1" for 127.0.0.1 at 2015-09-17 14:41:16 -0500
Served asset /jquery.js - 200 OK (2ms)


Started GET "/assets/bootstrap/button.js?body=1" for 127.0.0.1 at 2015-09-17 14:41:16 -0500
Served asset /bootstrap/button.js - 200 OK (0ms)


Started GET "/assets/bootstrap/carousel.js?body=1" for 127.0.0.1 at 2015-09-17 14:41:16 -0500
Served asset /bootstrap/carousel.js - 200 OK (0ms)


Started GET "/assets/bootstrap/collapse.js?body=1" for 127.0.0.1 at 2015-09-17 14:41:16 -0500
Served asset /bootstrap/collapse.js - 200 OK (0ms)


Started GET "/assets/bootstrap/dropdown.js?body=1" for 127.0.0.1 at 2015-09-17 14:41:16 -0500
Served asset /bootstrap/dropdown.js - 200 OK (0ms)


Started GET "/assets/bootstrap/tab.js?body=1" for 127.0.0.1 at 2015-09-17 14:41:16 -0500
Served asset /bootstrap/tab.js - 200 OK (0ms)


Started GET "/assets/bootstrap/transition.js?body=1" for 127.0.0.1 at 2015-09-17 14:41:16 -0500
Served asset /bootstrap/transition.js - 200 OK (0ms)


Started GET "/assets/bootstrap/modal.js?body=1" for 127.0.0.1 at 2015-09-17 14:41:16 -0500
Served asset /bootstrap/modal.js - 200 OK (20ms)


Started GET "/assets/bootstrap/tooltip.js?body=1" for 127.0.0.1 at 2015-09-17 14:41:16 -0500
Served asset /bootstrap/tooltip.js - 200 OK (0ms)


Started GET "/assets/bootstrap/scrollspy.js?body=1" for 127.0.0.1 at 2015-09-17 14:41:17 -0500
Served asset /bootstrap/scrollspy.js - 200 OK (0ms)


Started GET "/assets/bootstrap/popover.js?body=1" for 127.0.0.1 at 2015-09-17 14:41:17 -0500
Served asset /bootstrap/popover.js - 200 OK (0ms)


Started GET "/assets/bootstrap.js?body=1" for 127.0.0.1 at 2015-09-17 14:41:17 -0500
Served asset /bootstrap.js - 200 OK (11ms)


Started GET "/assets/pages.js?body=1" for 127.0.0.1 at 2015-09-17 14:41:17 -0500
Served asset /pages.js - 200 OK (1ms)


Started GET "/assets/application.js?body=1" for 127.0.0.1 at 2015-09-17 14:41:17 -0500
Served asset /application.js - 200 OK (21ms)


Started GET "/home" for 127.0.0.1 at 2015-09-17 14:41:17 -0500
Processing by PagesController#home as HTML
  Parameters: {"layout"=>false}
  Rendered pages/home.html.erb within layouts/application (0.0ms)
Completed 200 OK in 16.7ms (Views: 16.5ms | ActiveRecord: 0.0ms)


Started GET "/assets/application.css?body=1" for 127.0.0.1 at 2015-09-17 14:41:17 -0500
Served asset /application.css - 200 OK (48ms)


Started GET "/assets/turbolinks.js?body=1" for 127.0.0.1 at 2015-09-17 14:41:17 -0500
Served asset /turbolinks.js - 200 OK (0ms)


Started GET "/assets/bootstrap/affix.js?body=1" for 127.0.0.1 at 2015-09-17 14:41:17 -0500
Served asset /bootstrap/affix.js - 200 OK (0ms)


Started GET "/assets/jquery_ujs.js?body=1" for 127.0.0.1 at 2015-09-17 14:41:17 -0500
Served asset /jquery_ujs.js - 200 OK (0ms)


Started GET "/assets/jquery.js?body=1" for 127.0.0.1 at 2015-09-17 14:41:17 -0500
Served asset /jquery.js - 200 OK (1ms)


Started GET "/assets/bootstrap/alert.js?body=1" for 127.0.0.1 at 2015-09-17 14:41:17 -0500
Served asset /bootstrap/alert.js - 200 OK (0ms)


Started GET "/assets/bootstrap/button.js?body=1" for 127.0.0.1 at 2015-09-17 14:41:17 -0500
Served asset /bootstrap/button.js - 200 OK (0ms)


Started GET "/assets/bootstrap/carousel.js?body=1" for 127.0.0.1 at 2015-09-17 14:41:17 -0500
Served asset /bootstrap/carousel.js - 200 OK (0ms)


Started GET "/assets/bootstrap/dropdown.js?body=1" for 127.0.0.1 at 2015-09-17 14:41:17 -0500
Served asset /bootstrap/dropdown.js - 200 OK (0ms)


Started GET "/assets/bootstrap/collapse.js?body=1" for 127.0.0.1 at 2015-09-17 14:41:17 -0500
Served asset /bootstrap/collapse.js - 200 OK (4ms)


Started GET "/assets/bootstrap/tab.js?body=1" for 127.0.0.1 at 2015-09-17 14:41:17 -0500
Served asset /bootstrap/tab.js - 200 OK (0ms)


Started GET "/assets/bootstrap/transition.js?body=1" for 127.0.0.1 at 2015-09-17 14:41:17 -0500
Served asset /bootstrap/transition.js - 200 OK (0ms)


Started GET "/assets/bootstrap/scrollspy.js?body=1" for 127.0.0.1 at 2015-09-17 14:41:17 -0500
Served asset /bootstrap/scrollspy.js - 200 OK (0ms)


Started GET "/assets/bootstrap/modal.js?body=1" for 127.0.0.1 at 2015-09-17 14:41:17 -0500
Served asset /bootstrap/modal.js - 200 OK (26ms)


Started GET "/assets/bootstrap/tooltip.js?body=1" for 127.0.0.1 at 2015-09-17 14:41:17 -0500
Served asset /bootstrap/tooltip.js - 200 OK (0ms)


Started GET "/assets/bootstrap.js?body=1" for 127.0.0.1 at 2015-09-17 14:41:17 -0500
Served asset /bootstrap.js - 200 OK (7ms)


Started GET "/assets/pages.js?body=1" for 127.0.0.1 at 2015-09-17 14:41:17 -0500
Served asset /pages.js - 200 OK (0ms)


Started GET "/assets/bootstrap/popover.js?body=1" for 127.0.0.1 at 2015-09-17 14:41:17 -0500
Served asset /bootstrap/popover.js - 200 OK (0ms)


Started GET "/assets/application.js?body=1" for 127.0.0.1 at 2015-09-17 14:41:17 -0500
Served asset /application.js - 200 OK (10ms)


Started GET "/home" for 127.0.0.1 at 2015-09-17 14:41:17 -0500
Processing by PagesController#home as HTML
  Parameters: {"layout"=>false}
  Rendered pages/home.html.erb within layouts/application (0.1ms)
Completed 200 OK in 32.2ms (Views: 31.8ms | ActiveRecord: 0.0ms)


Started GET "/assets/application.css?body=1" for 127.0.0.1 at 2015-09-17 14:41:17 -0500
Served asset /application.css - 200 OK (101ms)


Started GET "/assets/jquery_ujs.js?body=1" for 127.0.0.1 at 2015-09-17 14:41:17 -0500
Served asset /jquery_ujs.js - 200 OK (6ms)


Started GET "/assets/jquery.js?body=1" for 127.0.0.1 at 2015-09-17 14:41:18 -0500
Served asset /jquery.js - 200 OK (12ms)


Started GET "/assets/bootstrap/alert.js?body=1" for 127.0.0.1 at 2015-09-17 14:41:18 -0500
Served asset /bootstrap/alert.js - 200 OK (0ms)


Started GET "/assets/turbolinks.js?body=1" for 127.0.0.1 at 2015-09-17 14:41:18 -0500
Served asset /turbolinks.js - 200 OK (0ms)


Started GET "/assets/bootstrap/affix.js?body=1" for 127.0.0.1 at 2015-09-17 14:41:18 -0500
Served asset /bootstrap/affix.js - 200 OK (0ms)


Started GET "/assets/bootstrap/button.js?body=1" for 127.0.0.1 at 2015-09-17 14:41:18 -0500
Served asset /bootstrap/button.js - 200 OK (0ms)


Started GET "/home" for 127.0.0.1 at 2015-09-17 14:41:18 -0500
Processing by PagesController#home as HTML
  Parameters: {"layout"=>false}
  Rendered pages/home.html.erb within layouts/application (0.0ms)
Completed 200 OK in 21.4ms (Views: 21.2ms | ActiveRecord: 0.0ms)


Started GET "/home" for 127.0.0.1 at 2015-09-17 14:41:18 -0500
Processing by PagesController#home as HTML
  Parameters: {"layout"=>false}
  Rendered pages/home.html.erb within layouts/application (5.4ms)
Completed 200 OK in 59.3ms (Views: 59.1ms | ActiveRecord: 0.0ms)


Started GET "/assets/application.css?body=1" for 127.0.0.1 at 2015-09-17 14:41:18 -0500
Served asset /application.css - 200 OK (69ms)


Started GET "/assets/turbolinks.js?body=1" for 127.0.0.1 at 2015-09-17 14:41:18 -0500
Served asset /turbolinks.js - 200 OK (0ms)


Started GET "/assets/jquery.js?body=1" for 127.0.0.1 at 2015-09-17 14:41:18 -0500
Served asset /jquery.js - 200 OK (10ms)


Started GET "/assets/bootstrap/affix.js?body=1" for 127.0.0.1 at 2015-09-17 14:41:18 -0500
Served asset /bootstrap/affix.js - 200 OK (0ms)


Started GET "/assets/bootstrap/alert.js?body=1" for 127.0.0.1 at 2015-09-17 14:41:18 -0500
Served asset /bootstrap/alert.js - 200 OK (0ms)


Started GET "/assets/jquery_ujs.js?body=1" for 127.0.0.1 at 2015-09-17 14:41:18 -0500
Served asset /jquery_ujs.js - 200 OK (7ms)


Started GET "/assets/bootstrap/button.js?body=1" for 127.0.0.1 at 2015-09-17 14:41:18 -0500
Served asset /bootstrap/button.js - 200 OK (0ms)


Started GET "/assets/bootstrap/carousel.js?body=1" for 127.0.0.1 at 2015-09-17 14:41:18 -0500
Served asset /bootstrap/carousel.js - 200 OK (0ms)


Started GET "/assets/bootstrap/transition.js?body=1" for 127.0.0.1 at 2015-09-17 14:41:18 -0500
Served asset /bootstrap/transition.js - 200 OK (22ms)


Started GET "/assets/bootstrap/collapse.js?body=1" for 127.0.0.1 at 2015-09-17 14:41:18 -0500
Served asset /bootstrap/collapse.js - 200 OK (0ms)


Started GET "/assets/bootstrap/tab.js?body=1" for 127.0.0.1 at 2015-09-17 14:41:18 -0500
Served asset /bootstrap/tab.js - 200 OK (0ms)


Started GET "/assets/bootstrap/dropdown.js?body=1" for 127.0.0.1 at 2015-09-17 14:41:18 -0500
Served asset /bootstrap/dropdown.js - 200 OK (0ms)


Started GET "/assets/bootstrap/scrollspy.js?body=1" for 127.0.0.1 at 2015-09-17 14:41:18 -0500
Served asset /bootstrap/scrollspy.js - 200 OK (12ms)


Started GET "/assets/bootstrap/modal.js?body=1" for 127.0.0.1 at 2015-09-17 14:41:18 -0500
Served asset /bootstrap/modal.js - 200 OK (0ms)


Started GET "/assets/bootstrap/tooltip.js?body=1" for 127.0.0.1 at 2015-09-17 14:41:18 -0500
Served asset /bootstrap/tooltip.js - 200 OK (0ms)


Started GET "/assets/bootstrap/popover.js?body=1" for 127.0.0.1 at 2015-09-17 14:41:18 -0500
Served asset /bootstrap/popover.js - 200 OK (0ms)


Started GET "/assets/bootstrap.js?body=1" for 127.0.0.1 at 2015-09-17 14:41:18 -0500
Served asset /bootstrap.js - 200 OK (6ms)


Started GET "/assets/pages.js?body=1" for 127.0.0.1 at 2015-09-17 14:41:18 -0500
Served asset /pages.js - 200 OK (0ms)


Started GET "/assets/application.js?body=1" for 127.0.0.1 at 2015-09-17 14:41:18 -0500
Served asset /application.js - 200 OK (15ms)


Started GET "/home" for 127.0.0.1 at 2015-09-17 14:42:50 -0500
Processing by PagesController#home as HTML
  Rendered pages/home.html.erb (0.0ms)
Completed 200 OK in 1.7ms (Views: 1.4ms | ActiveRecord: 0.0ms)


Started GET "/home" for 127.0.0.1 at 2015-09-17 14:43:35 -0500
Processing by PagesController#home as HTML
  Rendered pages/home.html.erb (26.6ms)
Completed 200 OK in 27.9ms (Views: 27.7ms | ActiveRecord: 0.0ms)


Started GET "/assets/application.css?body=1" for 127.0.0.1 at 2015-09-17 14:43:35 -0500
Served asset /application.css - 304 Not Modified (14ms)


Started GET "/assets/jquery.js?body=1" for 127.0.0.1 at 2015-09-17 14:43:35 -0500
Served asset /jquery.js - 304 Not Modified (7ms)


Started GET "/assets/turbolinks.js?body=1" for 127.0.0.1 at 2015-09-17 14:43:35 -0500
Served asset /turbolinks.js - 304 Not Modified (31ms)


Started GET "/assets/bootstrap/button.js?body=1" for 127.0.0.1 at 2015-09-17 14:43:36 -0500
Served asset /bootstrap/button.js - 304 Not Modified (0ms)


Started GET "/assets/bootstrap/affix.js?body=1" for 127.0.0.1 at 2015-09-17 14:43:36 -0500
Served asset /bootstrap/affix.js - 304 Not Modified (0ms)


Started GET "/assets/jquery_ujs.js?body=1" for 127.0.0.1 at 2015-09-17 14:43:36 -0500
Served asset /jquery_ujs.js - 304 Not Modified (0ms)


Started GET "/assets/bootstrap/carousel.js?body=1" for 127.0.0.1 at 2015-09-17 14:43:36 -0500
Served asset /bootstrap/carousel.js - 304 Not Modified (0ms)


Started GET "/assets/bootstrap/alert.js?body=1" for 127.0.0.1 at 2015-09-17 14:43:36 -0500
Served asset /bootstrap/alert.js - 304 Not Modified (0ms)


Started GET "/assets/bootstrap/collapse.js?body=1" for 127.0.0.1 at 2015-09-17 14:43:36 -0500
Served asset /bootstrap/collapse.js - 304 Not Modified (0ms)


Started GET "/assets/bootstrap/dropdown.js?body=1" for 127.0.0.1 at 2015-09-17 14:43:36 -0500
Served asset /bootstrap/dropdown.js - 304 Not Modified (2ms)


Started GET "/assets/bootstrap/tab.js?body=1" for 127.0.0.1 at 2015-09-17 14:43:36 -0500
Served asset /bootstrap/tab.js - 304 Not Modified (0ms)


Started GET "/assets/bootstrap/scrollspy.js?body=1" for 127.0.0.1 at 2015-09-17 14:43:36 -0500
Served asset /bootstrap/scrollspy.js - 304 Not Modified (0ms)


Started GET "/assets/bootstrap/transition.js?body=1" for 127.0.0.1 at 2015-09-17 14:43:36 -0500
Served asset /bootstrap/transition.js - 304 Not Modified (0ms)


Started GET "/assets/bootstrap/modal.js?body=1" for 127.0.0.1 at 2015-09-17 14:43:36 -0500
Served asset /bootstrap/modal.js - 304 Not Modified (0ms)


Started GET "/assets/bootstrap/tooltip.js?body=1" for 127.0.0.1 at 2015-09-17 14:43:36 -0500
Served asset /bootstrap/tooltip.js - 304 Not Modified (0ms)


Started GET "/assets/bootstrap.js?body=1" for 127.0.0.1 at 2015-09-17 14:43:36 -0500
Served asset /bootstrap.js - 304 Not Modified (6ms)


Started GET "/assets/bootstrap/popover.js?body=1" for 127.0.0.1 at 2015-09-17 14:43:36 -0500
Served asset /bootstrap/popover.js - 304 Not Modified (0ms)


Started GET "/assets/application.js?body=1" for 127.0.0.1 at 2015-09-17 14:43:36 -0500
Served asset /application.js - 304 Not Modified (14ms)


Started GET "/assets/pages.js?body=1" for 127.0.0.1 at 2015-09-17 14:43:36 -0500
Served asset /pages.js - 304 Not Modified (0ms)


Started GET "/home" for 127.0.0.1 at 2015-09-17 15:07:12 -0500
Connecting to database specified by database.yml
Processing by PagesController#home as HTML
  Rendered pages/home.html.erb (1.3ms)
Completed 200 OK in 15.7ms (Views: 15.2ms | ActiveRecord: 0.0ms)


Started GET "/home" for 127.0.0.1 at 2015-09-17 15:07:14 -0500
Processing by PagesController#home as HTML
  Rendered pages/home.html.erb (0.0ms)
Completed 200 OK in 1.1ms (Views: 1.0ms | ActiveRecord: 0.0ms)


Started GET "/assets/rails.png" for 127.0.0.1 at 2015-09-17 15:07:19 -0500
Served asset /rails.png - 304 Not Modified (3ms)
